Connexion de Admin! IP : ::1 le Sunday 14th of May 2023 à 14:34:40 (connexion réussie) - statut : administrateur
Connexion de Admin! IP : ::1 le Sunday 14th of May 2023 à 14:35:35 (connexion réussie) - statut : administrateur
Connexion de Admin! IP : ::1 le Sunday 14th of May 2023 à 14:50:14 (connexion échouée) 
Connexion de Rayane7= IP : ::1 le Sunday 14th of May 2023 à 14:50:20 (connexion réussie) - statut : utilisateur
Connexion de Rayane7= IP : ::1 le Sunday 14th of May 2023 à 14:53:06 (connexion réussie) - statut : utilisateur
Connexion de Rayane7= IP : ::1 le Sunday 14th of May 2023 à 14:53:43 (connexion réussie) - statut : utilisateur
Connexion de Rayane7= IP : ::1 le Sunday 14th of May 2023 à 14:55:15 (connexion réussie) - statut : utilisateur
Connexion de Rayane7= IP : ::1 le Sunday 14th of May 2023 à 14:55:55 (connexion réussie) - statut : utilisateur
Connexion de Rayane7= IP : ::1 le Sunday 14th of May 2023 à 15:01:21 (connexion échouée) 
Connexion de Rayane7= IP : ::1 le Sunday 14th of May 2023 à 15:01:25 (connexion réussie) - statut : utilisateur
Connexion de tt IP : ::1 le Sunday 14th of May 2023 à 15:10:13 (connexion échouée) 
Connexion de Admin! IP : ::1 le Sunday 14th of May 2023 à 15:43:18 (connexion réussie) - statut : administrateur
Connexion de Admin! IP : ::1 le Sunday 14th of May 2023 à 15:58:07 (connexion réussie) - statut : administrateur
Connexion de Rayane7= IP : ::1 le Sunday 14th of May 2023 à 15:59:50 (connexion réussie) - statut : utilisateur
Connexion de Rayane7= IP : ::1 le Sunday 14th of May 2023 à 15:59:57 (connexion réussie) - statut : utilisateur
Connexion de Admin! IP : ::1 le Sunday 14th of May 2023 à 16:32:19 (connexion échouée) 
Connexion de Admin! IP : ::1 le Sunday 14th of May 2023 à 16:35:52 (connexion échouée) 
Connexion de Admin! IP : ::1 le Sunday 14th of May 2023 à 16:35:53 (connexion échouée) 
Connexion de Admin! IP : ::1 le Sunday 14th of May 2023 à 16:35:55 (connexion échouée) 
Connexion de Admin! IP : ::1 le Sunday 14th of May 2023 à 16:35:56 (connexion échouée) 
Connexion de Admin! IP : ::1 le Sunday 14th of May 2023 à 16:36:05 (connexion échouée) 
Connexion de Admin! IP : ::1 le Sunday 14th of May 2023 à 16:37:56 (connexion échouée) 
Connexion de Admin! IP : ::1 le Sunday 14th of May 2023 à 16:38:47 (connexion échouée) 
Connexion de Admin! IP : ::1 le Sunday 14th of May 2023 à 16:39:20 (connexion échouée) 
Connexion de Admin! IP : ::1 le Sunday 14th of May 2023 à 16:49:12 (connexion échouée) 
Connexion de Admin! IP : ::1 le Sunday 14th of May 2023 à 16:49:17 (connexion échouée) 
Connexion de Admin! IP : ::1 le Sunday 14th of May 2023 à 16:49:24 (connexion échouée) 
Connexion de Admin! IP : ::1 le Sunday 14th of May 2023 à 16:49:42 (connexion échouée) 
Connexion de ccx IP : ::1 le Sunday 14th of May 2023 à 16:49:46 (connexion échouée) 
Connexion de ccx IP : ::1 le Sunday 14th of May 2023 à 16:50:00 (connexion échouée) 
Connexion de ccx IP : ::1 le Sunday 14th of May 2023 à 16:52:02 (connexion échouée) 
Connexion de ccx IP : ::1 le Sunday 14th of May 2023 à 16:52:09 (connexion échouée) 
Connexion de ccx IP : ::1 le Sunday 14th of May 2023 à 16:52:11 (connexion échouée) 
Connexion de ccx IP : ::1 le Sunday 14th of May 2023 à 16:52:13 (connexion échouée) 
Connexion de ccx IP : ::1 le Sunday 14th of May 2023 à 16:52:15 (connexion échouée) 
Connexion de ccx IP : ::1 le Sunday 14th of May 2023 à 16:52:16 (connexion échouée) 
Connexion de ccx IP : ::1 le Sunday 14th of May 2023 à 16:52:19 (connexion échouée) 
Connexion de Admin! IP : ::1 le Sunday 14th of May 2023 à 16:52:22 (connexion échouée) 
Connexion de Admin! IP : ::1 le Sunday 14th of May 2023 à 16:52:45 (connexion échouée) 
Connexion de Admin! IP : ::1 le Sunday 14th of May 2023 à 16:53:08 (connexion échouée) 
Connexion de Admin! IP : ::1 le Sunday 14th of May 2023 à 16:53:14 (connexion échouée) 
Connexion de dd IP : ::1 le Sunday 14th of May 2023 à 16:53:17 (connexion échouée) 
Connexion de dd IP : ::1 le Sunday 14th of May 2023 à 16:53:24 (connexion échouée) 
Connexion de dd IP : ::1 le Sunday 14th of May 2023 à 16:53:33 (connexion échouée) 
Connexion de dd IP : ::1 le Sunday 14th of May 2023 à 16:53:39 (connexion échouée) 
Connexion de dd IP : ::1 le Sunday 14th of May 2023 à 16:53:42 (connexion échouée) 
Connexion de dd IP : ::1 le Sunday 14th of May 2023 à 16:54:43 (connexion échouée) 
Connexion de ccx IP : ::1 le Sunday 14th of May 2023 à 16:54:56 (connexion échouée) 
Connexion de ccx IP : ::1 le Sunday 14th of May 2023 à 16:55:07 (connexion échouée) 
Connexion de ccx IP : ::1 le Sunday 14th of May 2023 à 16:55:18 (connexion échouée) 
Connexion de ccx IP : ::1 le Sunday 14th of May 2023 à 16:55:25 (connexion échouée) 
Connexion de ccx IP : ::1 le Sunday 14th of May 2023 à 16:56:04 (connexion échouée) 
Connexion de ccx IP : ::1 le Sunday 14th of May 2023 à 16:57:42 (connexion échouée) 
Connexion de ccx IP : ::1 le Sunday 14th of May 2023 à 16:57:44 (connexion échouée) 
Connexion de ccx IP : ::1 le Sunday 14th of May 2023 à 16:57:49 (connexion échouée) 
Connexion de ccx IP : ::1 le Sunday 14th of May 2023 à 16:57:54 (connexion échouée) 
Connexion de ccx IP : ::1 le Sunday 14th of May 2023 à 16:58:06 (connexion échouée) 
Connexion de ccx IP : ::1 le Sunday 14th of May 2023 à 16:58:11 (connexion échouée) 
Connexion de ccx IP : ::1 le Sunday 14th of May 2023 à 16:58:16 (connexion échouée) 
Connexion de ccx IP : ::1 le Sunday 14th of May 2023 à 16:58:24 (connexion échouée) 
Connexion de ccx IP : ::1 le Sunday 14th of May 2023 à 16:58:32 (connexion échouée) 
Connexion de Admin! IP : ::1 le Sunday 14th of May 2023 à 16:59:05 (connexion réussie) - statut : administrateur
Connexion de Admin! IP : ::1 le Sunday 14th of May 2023 à 16:59:14 (connexion réussie) - statut : administrateur
Connexion de Admin! IP : ::1 le Sunday 14th of May 2023 à 17:03:27 (connexion réussie) - statut : administrateur
Connexion de Rayane7= IP : ::1 le Sunday 14th of May 2023 à 17:05:00 (connexion réussie) - statut : utilisateur
Connexion de Rayane7= IP : ::1 le Sunday 14th of May 2023 à 17:06:07 (connexion réussie) - statut : utilisateur
Connexion de Rayane7= IP : ::1 le Sunday 14th of May 2023 à 17:06:16 (connexion réussie) - statut : utilisateur
Connexion de Rayane7= IP : ::1 le Sunday 14th of May 2023 à 17:07:37 (connexion réussie) - statut : utilisateur
Connexion de Rayane7= IP : ::1 le Sunday 14th of May 2023 à 17:09:49 (connexion réussie) - statut : utilisateur
Connexion de Admin! IP : ::1 le Sunday 14th of May 2023 à 17:15:25 (connexion réussie) - statut : administrateur
Connexion de Rayane7= IP : ::1 le Sunday 14th of May 2023 à 17:19:24 (connexion réussie) - statut : utilisateur
Connexion de Rayane7= IP : ::1 le Sunday 14th of May 2023 à 17:24:08 (connexion réussie) - statut : utilisateur
Connexion de Rayane7= IP : ::1 le Sunday 14th of May 2023 à 17:27:49 (connexion réussie) - statut : utilisateur
Connexion de Rayane7= IP : ::1 le Sunday 14th of May 2023 à 17:28:08 (connexion échouée) 
Connexion de Rayane7= IP : ::1 le Sunday 14th of May 2023 à 17:28:12 (connexion réussie) - statut : utilisateur
Connexion de Admin! IP : ::1 le Sunday 14th of May 2023 à 17:56:04 (connexion réussie) - statut : administrateur
Connexion de Rayane7= IP : ::1 le Sunday 14th of May 2023 à 17:58:34 (connexion réussie) - statut : utilisateur
Connexion de Rayane7= IP : ::1 le Sunday 14th of May 2023 à 17:59:53 (connexion réussie) - statut : utilisateur
Connexion de Admin! IP : ::1 le Sunday 14th of May 2023 à 18:04:27 (connexion réussie) - statut : administrateur
Connexion de Rayane7= IP : ::1 le Sunday 14th of May 2023 à 18:07:04 (connexion réussie) - statut : utilisateur
Connexion de Admin! IP : ::1 le Sunday 14th of May 2023 à 18:07:40 (connexion réussie) - statut : administrateur
Connexion de Rayane7= IP : ::1 le Sunday 14th of May 2023 à 18:11:04 (connexion réussie) - statut : utilisateur
Connexion de 'Rayane7=' IP: ::1 le Sunday 14th of May 2023 à 18:17:39 (connexion réussie) - statut : utilisateur
Connexion de 'Rayane7=' IP: ::1 le Sunday 14th of May 2023 à 18:22:42 (connexion réussie) - statut : utilisateur
Connexion de 'Admin!' IP: ::1 le Sunday 14th of May 2023 à 18:42:50 (connexion réussie) - statut : administrateur
Connexion de 'Rayane7=' IP: ::1 le Sunday 14th of May 2023 à 18:47:47 (connexion réussie) - statut : utilisateur
Connexion de 'Rayane7=' IP: ::1 le Sunday 14th of May 2023 à 18:48:19 (connexion réussie) - statut : utilisateur
Connexion de 'Rayane7=' IP: ::1 le Sunday 14th of May 2023 à 19:16:10 (connexion réussie) - statut : utilisateur
Connexion de 'Rayane7=' IP: ::1 le Sunday 14th of May 2023 à 19:17:18 (connexion réussie) - statut : utilisateur
Connexion de 'Admin!' IP: ::1 le Sunday 14th of May 2023 à 19:28:20 (connexion échouée) 
Connexion de 'Rayane7=' IP: ::1 le Sunday 14th of May 2023 à 19:28:39 (connexion échouée) 
Connexion de 'Rayane7=' IP: ::1 le Sunday 14th of May 2023 à 19:29:39 (connexion échouée) 
Connexion de 'Rayane7=' IP: ::1 le Sunday 14th of May 2023 à 19:29:57 (connexion échouée) 
Connexion de 'Rayane7=' IP: ::1 le Sunday 14th of May 2023 à 19:31:04 (connexion échouée) 
Connexion de 'Rayane7=' IP: ::1 le Sunday 14th of May 2023 à 19:31:26 (connexion échouée) 
Connexion de 'Rayane7=' IP: ::1 le Sunday 14th of May 2023 à 19:31:45 (connexion échouée) 
Connexion de 'Admin!' IP: ::1 le Sunday 14th of May 2023 à 19:32:21 (connexion réussie) - statut : administrateur
Connexion de 'Rayane7=' IP: ::1 le Sunday 14th of May 2023 à 19:32:28 (connexion réussie) - statut : utilisateur
Connexion de 'Rayane7=' IP: ::1 le Sunday 14th of May 2023 à 19:52:55 (connexion réussie) - statut : utilisateur
Connexion de 'admin' IP: 127.0.0.1 le Monday 22nd of May 2023 à 10:44:24 (connexion échouée) 
Connexion de 'Admin!' IP: 127.0.0.1 le Monday 22nd of May 2023 à 10:45:35 (connexion réussie) - statut : administrateur
Connexion de 'Admin!' IP: 127.0.0.1 le Monday 22nd of May 2023 à 10:52:43 (connexion réussie) - statut : administrateur
Connexion de 'Admin22!' IP: 127.0.0.1 le Monday 22nd of May 2023 à 10:54:45 (connexion échouée) 
Connexion de 'Admin!' IP: 127.0.0.1 le Monday 22nd of May 2023 à 10:55:04 (connexion échouée) 
Connexion de 'Admin!' IP: 127.0.0.1 le Monday 22nd of May 2023 à 10:55:14 (connexion réussie) - statut : administrateur
Connexion de 'Admin!' IP: 127.0.0.1 le Monday 22nd of May 2023 à 11:02:13 (connexion réussie) - statut : administrateur
Connexion de 'Admin!' IP: 127.0.0.1 le Monday 22nd of May 2023 à 11:21:15 (connexion réussie) - statut : administrateur
Connexion de 'Admin!' IP: 127.0.0.1 le Monday 22nd of May 2023 à 11:23:09 (connexion réussie) - statut : administrateur
Connexion de 'Admin!' IP: 127.0.0.1 le Monday 22nd of May 2023 à 11:27:38 (connexion réussie) - statut : administrateur
Connexion de 'Hugo4#' IP: 127.0.0.1 le Monday 22nd of May 2023 à 11:32:19 (connexion réussie) - statut : utilisateur
Connexion de 'Admin!' IP: 127.0.0.1 le Monday 22nd of May 2023 à 11:51:50 (connexion réussie) - statut : administrateur
Connexion de 'Admin!' IP: 127.0.0.1 le Friday 26th of May 2023 à 15:50:11 (connexion réussie) - statut : administrateur
Connexion de 'Rayane7=' IP: 127.0.0.1 le Friday 26th of May 2023 à 16:20:40 (connexion réussie) - statut : utilisateur
Connexion de 'Rayane7=' IP: 127.0.0.1 le Friday 26th of May 2023 à 16:39:46 (connexion réussie) - statut : utilisateur
Connexion de 'Admin!' IP: 127.0.0.1 le Friday 26th of May 2023 à 16:39:58 (connexion réussie) - statut : administrateur
Connexion de 'Admin!' IP: 127.0.0.1 le Friday 26th of May 2023 à 17:29:36 (connexion échouée) 
Connexion de 'Admin!' IP: 127.0.0.1 le Friday 26th of May 2023 à 17:29:58 (connexion réussie) - statut : administrateur
Connexion de 'Admin!' IP: 127.0.0.1 le Friday 26th of May 2023 à 17:40:08 (connexion réussie) - statut : administrateur
Connexion de 'Admin!' IP: ::1 le Monday 12th of June 2023 à 00:10:48 (connexion réussie) - statut : administrateur
Connexion de 'Rayane7=' IP: ::1 le Monday 12th of June 2023 à 00:11:00 (connexion échouée) 
Connexion de 'Rayane7=' IP: ::1 le Monday 12th of June 2023 à 00:11:10 (connexion réussie) - statut : utilisateur
Connexion de 'Admin!' IP: ::1 le Monday 12th of June 2023 à 00:25:29 (connexion réussie) - statut : administrateur
Connexion de 'Admin!' IP: ::1 le Monday 12th of June 2023 à 00:29:57 (connexion réussie) - statut : administrateur
Connexion de 'Admin!' IP: ::1 le Monday 12th of June 2023 à 01:24:45 (connexion réussie) - statut : administrateur
Connexion de 'Admin!' IP: ::1 le Monday 12th of June 2023 à 01:26:04 (connexion échouée) 
Connexion de 'Admin!' IP: ::1 le Monday 12th of June 2023 à 01:26:18 (connexion réussie) - statut : administrateur
Connexion de 'Admin!' IP: ::1 le Monday 12th of June 2023 à 01:43:39 (connexion réussie) - statut : administrateur
Connexion de 'Rayane7=' IP: ::1 le Monday 12th of June 2023 à 01:45:31 (connexion échouée) 
Connexion de 'Rayane7=' IP: ::1 le Monday 12th of June 2023 à 01:45:40 (connexion réussie) - statut : utilisateur
Connexion de 'Admin!' IP: ::1 le Monday 12th of June 2023 à 11:57:54 (connexion réussie) - statut : administrateur
Connexion de 'Admin!' IP: ::1 le Monday 12th of June 2023 à 12:34:40 (connexion réussie) - statut : administrateur
Connexion de 'Admin!' IP: ::1 le Monday 12th of June 2023 à 19:07:01 (connexion réussie) - statut : administrateur
Connexion de 'Admin!' IP: ::1 le Tuesday 13th of June 2023 à 22:52:36 (connexion réussie) - statut : administrateur
Connexion de 'Admin!' IP: ::1 le Tuesday 13th of June 2023 à 23:03:37 (connexion réussie) - statut : administrateur
Connexion de 'Admin!' IP: ::1 le Tuesday 13th of June 2023 à 23:08:44 (connexion réussie) - statut : administrateur
Connexion de 'Admin!' IP: ::1 le Tuesday 13th of June 2023 à 23:09:54 (connexion échouée) 
Connexion de 'Admin!' IP: ::1 le Tuesday 13th of June 2023 à 23:10:07 (connexion réussie) - statut : administrateur
Connexion de 'Admin!' IP: ::1 le Wednesday 14th of June 2023 à 00:38:41 (connexion réussie) - statut : administrateur
Connexion de 'Admin!' IP: ::1 le Wednesday 14th of June 2023 à 00:53:43 (connexion réussie) - statut : administrateur
Connexion de 'Admin!' IP: ::1 le Wednesday 14th of June 2023 à 00:55:17 (connexion réussie) - statut : administrateur
Connexion de 'Admin!' IP: ::1 le Wednesday 14th of June 2023 à 01:12:24 (connexion réussie) - statut : administrateur
Connexion de 'Admin!' IP: ::1 le Wednesday 14th of June 2023 à 01:17:42 (connexion réussie) - statut : administrateur
Connexion de 'Admin!' IP: ::1 le Wednesday 14th of June 2023 à 01:33:57 (connexion réussie) - statut : administrateur
Connexion de 'Admin!' IP: ::1 le Wednesday 14th of June 2023 à 01:36:34 (connexion réussie) - statut : administrateur
